<?xml version="1.0" encoding="UTF-8"?>
<!-- Generated by org.testng.reporters.JUnitXMLReporter -->
<testsuite ignored="4" hostname="IN-PF2RSDYR" failures="0" tests="1" name="Test" time="5.803" errors="0" timestamp="2023-12-17T22:02:05 IST">
  <testcase classname="TestNGTests.MyFirstTest" name="TC_login3" time="5.759"/>
  <testcase classname="TestNGTests.MyFirstTest" name="TC_login" time="0.0">
    <ignored/>
  </testcase> <!-- TC_login -->
  <testcase classname="TestNGTests.LoginTest" name="TC_login1" time="0.0">
    <ignored/>
  </testcase> <!-- TC_login1 -->
  <testcase classname="TestNGTests.LoginTest" name="TC_login2" time="0.0">
    <ignored/>
  </testcase> <!-- TC_login2 -->
  <testcase classname="TestNGTests.LoginTest" name="TC_login" time="0.0">
    <ignored/>
  </testcase> <!-- TC_login -->
</testsuite> <!-- Test -->
